[2025-03-26 22:55:17] [INFO    ] discord.client: logging in using static token
[2025-03-26 22:55:17] [INFO    ] discord.gateway: Shard ID None has connected to Gateway (Session ID: 834243169cd41889b92609495a63aafb).
[2025-03-26 23:24:34] [INFO    ] discord.gateway: Shard ID None has successfully RESUMED session 834243169cd41889b92609495a63aafb.
[2025-03-26 23:57:01] [INFO    ] discord.gateway: Shard ID None has successfully RESUMED session 834243169cd41889b92609495a63aafb.
[2025-03-27 01:07:09] [INFO    ] discord.gateway: Shard ID None has successfully RESUMED session 834243169cd41889b92609495a63aafb.
[2025-03-27 01:22:33] [INFO    ] discord.gateway: Shard ID None has successfully RESUMED session 834243169cd41889b92609495a63aafb.
[2025-03-27 02:44:58] [INFO    ] discord.gateway: Shard ID None has successfully RESUMED session 834243169cd41889b92609495a63aafb.
[2025-03-27 03:39:26] [INFO    ] discord.gateway: Shard ID None has successfully RESUMED session 834243169cd41889b92609495a63aafb.
[2025-03-27 06:06:31] [INFO    ] discord.gateway: Shard ID None has successfully RESUMED session 834243169cd41889b92609495a63aafb.
[2025-03-27 07:41:28] [INFO    ] discord.gateway: Shard ID None has successfully RESUMED session 834243169cd41889b92609495a63aafb.
[2025-03-27 11:31:53] [INFO    ] discord.gateway: Shard ID None has successfully RESUMED session 834243169cd41889b92609495a63aafb.
Traceback (most recent call last):
  File "/home/daniel/Reece/main.py", line 1, in <module>
    import discord
ModuleNotFoundError: No module named 'discord'
[2025-03-27 12:39:34] [INFO    ] discord.client: logging in using static token
[2025-03-27 12:39:35] [INFO    ] discord.gateway: Shard ID None has connected to Gateway (Session ID: bca57c23b206a4c619bc69fdb21aa227).
[2025-03-27 12:54:51] [INFO    ] discord.client: logging in using static token
[2025-03-27 12:54:51] [INFO    ] discord.gateway: Shard ID None has connected to Gateway (Session ID: 89720fed27de25e06e37b240269dea51).
[2025-03-27 12:55:48] [ERROR   ] discord.ext.commands.bot: Ignoring exception in command None
discord.ext.commands.errors.CommandNotFound: Command "deleteserver" is not found
[2025-03-27 12:55:53] [ERROR   ] discord.ext.commands.bot: Ignoring exception in command None
discord.ext.commands.errors.CommandNotFound: Command "kickeveryonefromserver" is not found
[2025-03-27 13:29:34] [INFO    ] discord.gateway: Shard ID None has successfully RESUMED session 89720fed27de25e06e37b240269dea51.
[2025-03-27 13:39:13] [INFO    ] discord.client: logging in using static token
[2025-03-27 13:39:14] [INFO    ] discord.gateway: Shard ID None has connected to Gateway (Session ID: f441bd8c2b70c0f79c6c21ec88c86f24).
[2025-03-27 13:40:12] [INFO    ] discord.client: logging in using static token
[2025-03-27 13:40:12] [INFO    ] discord.gateway: Shard ID None has connected to Gateway (Session ID: b7992427391bc664728f1f4ae66c60a7).
[2025-03-27 15:10:37] [INFO    ] discord.gateway: Shard ID None has successfully RESUMED session b7992427391bc664728f1f4ae66c60a7.
[2025-03-27 18:56:29] [INFO    ] discord.gateway: Shard ID None has successfully RESUMED session b7992427391bc664728f1f4ae66c60a7.
[2025-03-27 22:43:21] [INFO    ] discord.gateway: Shard ID None has successfully RESUMED session b7992427391bc664728f1f4ae66c60a7.
[2025-03-28 01:26:55] [INFO    ] discord.gateway: Shard ID None has successfully RESUMED session b7992427391bc664728f1f4ae66c60a7.
[2025-03-28 01:56:31] [INFO    ] discord.gateway: Shard ID None has successfully RESUMED session b7992427391bc664728f1f4ae66c60a7.
[2025-03-28 03:55:27] [INFO    ] discord.gateway: Shard ID None has successfully RESUMED session b7992427391bc664728f1f4ae66c60a7.
[2025-03-28 05:27:08] [INFO    ] discord.gateway: Shard ID None has successfully RESUMED session b7992427391bc664728f1f4ae66c60a7.
[2025-03-28 08:15:30] [INFO    ] discord.gateway: Shard ID None has successfully RESUMED session b7992427391bc664728f1f4ae66c60a7.
[2025-03-28 10:43:02] [INFO    ] discord.gateway: Shard ID None has successfully RESUMED session b7992427391bc664728f1f4ae66c60a7.
[2025-03-28 12:35:18] [INFO    ] discord.gateway: Shard ID None has successfully RESUMED session b7992427391bc664728f1f4ae66c60a7.
[2025-03-28 15:50:03] [INFO    ] discord.gateway: Shard ID None has successfully RESUMED session b7992427391bc664728f1f4ae66c60a7.
[2025-03-28 16:05:13] [INFO    ] discord.gateway: Shard ID None has successfully RESUMED session b7992427391bc664728f1f4ae66c60a7.
[2025-03-28 16:22:58] [ERROR   ] discord.ext.commands.bot: Ignoring exception in command None
discord.ext.commands.errors.CommandNotFound: Command "givepoints" is not found
[2025-03-28 16:23:07] [ERROR   ] discord.ext.commands.bot: Ignoring exception in command None
discord.ext.commands.errors.CommandNotFound: Command "givepoints" is not found
[2025-03-28 18:44:03] [INFO    ] discord.gateway: Shard ID None has successfully RESUMED session b7992427391bc664728f1f4ae66c60a7.
[2025-03-28 19:13:19] [INFO    ] discord.gateway: Shard ID None has successfully RESUMED session b7992427391bc664728f1f4ae66c60a7.
[2025-03-28 20:38:20] [INFO    ] discord.gateway: Shard ID None has successfully RESUMED session b7992427391bc664728f1f4ae66c60a7.
[2025-03-29 00:15:59] [INFO    ] discord.gateway: Shard ID None has successfully RESUMED session b7992427391bc664728f1f4ae66c60a7.
[2025-03-29 02:50:38] [INFO    ] discord.gateway: Shard ID None has successfully RESUMED session b7992427391bc664728f1f4ae66c60a7.
[2025-03-29 05:43:44] [INFO    ] discord.gateway: Shard ID None has successfully RESUMED session b7992427391bc664728f1f4ae66c60a7.
[2025-03-29 07:37:22] [INFO    ] discord.gateway: Shard ID None has successfully RESUMED session b7992427391bc664728f1f4ae66c60a7.
[2025-03-29 10:11:39] [INFO    ] discord.gateway: Shard ID None has successfully RESUMED session b7992427391bc664728f1f4ae66c60a7.
[2025-03-29 14:04:15] [INFO    ] discord.gateway: Shard ID None has successfully RESUMED session b7992427391bc664728f1f4ae66c60a7.
[2025-03-29 18:01:13] [INFO    ] discord.gateway: Shard ID None has successfully RESUMED session b7992427391bc664728f1f4ae66c60a7.
[2025-03-29 20:43:07] [INFO    ] discord.gateway: Shard ID None has successfully RESUMED session b7992427391bc664728f1f4ae66c60a7.
[2025-03-29 22:20:32] [INFO    ] discord.gateway: Shard ID None has successfully RESUMED session b7992427391bc664728f1f4ae66c60a7.
[2025-03-30 00:07:26] [INFO    ] discord.gateway: Shard ID None has successfully RESUMED session b7992427391bc664728f1f4ae66c60a7.
[2025-03-30 05:01:41] [INFO    ] discord.gateway: Shard ID None has successfully RESUMED session b7992427391bc664728f1f4ae66c60a7.
[2025-03-30 06:44:09] [INFO    ] discord.gateway: Shard ID None has successfully RESUMED session b7992427391bc664728f1f4ae66c60a7.
[2025-03-30 07:49:58] [INFO    ] discord.gateway: Shard ID None has successfully RESUMED session b7992427391bc664728f1f4ae66c60a7.
[2025-03-30 10:50:50] [INFO    ] discord.gateway: Shard ID None has successfully RESUMED session b7992427391bc664728f1f4ae66c60a7.
[2025-03-30 12:59:10] [INFO    ] discord.gateway: Shard ID None has successfully RESUMED session b7992427391bc664728f1f4ae66c60a7.
[2025-03-30 15:53:39] [INFO    ] discord.gateway: Shard ID None has successfully RESUMED session b7992427391bc664728f1f4ae66c60a7.
[2025-03-30 16:37:44] [INFO    ] discord.gateway: Shard ID None has successfully RESUMED session b7992427391bc664728f1f4ae66c60a7.
[2025-03-30 17:55:24] [INFO    ] discord.gateway: Shard ID None has successfully RESUMED session b7992427391bc664728f1f4ae66c60a7.
[2025-03-30 18:53:06] [INFO    ] discord.gateway: Shard ID None has successfully RESUMED session b7992427391bc664728f1f4ae66c60a7.
[2025-03-30 19:08:06] [INFO    ] discord.gateway: Shard ID None has successfully RESUMED session b7992427391bc664728f1f4ae66c60a7.
[2025-03-30 21:13:16] [INFO    ] discord.gateway: Shard ID None has successfully RESUMED session b7992427391bc664728f1f4ae66c60a7.
[2025-03-30 22:39:54] [ERROR   ] discord.ext.commands.bot: Ignoring exception in command None
discord.ext.commands.errors.CommandNotFound: Command "fortune" is not found
[2025-03-30 22:40:43] [ERROR   ] discord.ext.commands.bot: Ignoring exception in command None
discord.ext.commands.errors.CommandNotFound: Command "fortune" is not found
[2025-03-30 22:41:21] [ERROR   ] discord.ext.commands.bot: Ignoring exception in command None
discord.ext.commands.errors.CommandNotFound: Command "fortune" is not found
[2025-03-30 22:42:07] [ERROR   ] discord.ext.commands.bot: Ignoring exception in command None
discord.ext.commands.errors.CommandNotFound: Command "fortune" is not found
[2025-03-30 22:42:15] [ERROR   ] discord.ext.commands.bot: Ignoring exception in command None
discord.ext.commands.errors.CommandNotFound: Command "fortune" is not found
[2025-03-30 22:42:20] [ERROR   ] discord.ext.commands.bot: Ignoring exception in command None
discord.ext.commands.errors.CommandNotFound: Command "fortune" is not found
[2025-03-30 22:43:28] [ERROR   ] discord.ext.commands.bot: Ignoring exception in command None
discord.ext.commands.errors.CommandNotFound: Command "fortune" is not found
[2025-03-30 22:43:43] [ERROR   ] discord.ext.commands.bot: Ignoring exception in command None
discord.ext.commands.errors.CommandNotFound: Command "fortune" is not found
[2025-03-30 22:43:51] [ERROR   ] discord.ext.commands.bot: Ignoring exception in command None
discord.ext.commands.errors.CommandNotFound: Command "fortune" is not found
[2025-03-30 22:44:01] [ERROR   ] discord.ext.commands.bot: Ignoring exception in command None
discord.ext.commands.errors.CommandNotFound: Command "fortune" is not found
[2025-03-30 22:44:07] [ERROR   ] discord.ext.commands.bot: Ignoring exception in command None
discord.ext.commands.errors.CommandNotFound: Command "fortune" is not found
[2025-03-30 22:44:14] [ERROR   ] discord.ext.commands.bot: Ignoring exception in command None
discord.ext.commands.errors.CommandNotFound: Command "fortune" is not found
[2025-03-30 22:44:19] [ERROR   ] discord.ext.commands.bot: Ignoring exception in command None
discord.ext.commands.errors.CommandNotFound: Command "fortune" is not found
[2025-03-30 22:44:22] [ERROR   ] discord.ext.commands.bot: Ignoring exception in command None
discord.ext.commands.errors.CommandNotFound: Command "fortune" is not found
[2025-03-30 22:46:57] [ERROR   ] discord.ext.commands.bot: Ignoring exception in command None
discord.ext.commands.errors.CommandNotFound: Command "8ball" is not found
[2025-03-30 22:47:23] [ERROR   ] discord.ext.commands.bot: Ignoring exception in command None
discord.ext.commands.errors.CommandNotFound: Command "8ball" is not found
[2025-03-30 22:48:06] [ERROR   ] discord.ext.commands.bot: Ignoring exception in command None
discord.ext.commands.errors.CommandNotFound: Command "8ball" is not found
[2025-03-30 22:48:13] [ERROR   ] discord.ext.commands.bot: Ignoring exception in command None
discord.ext.commands.errors.CommandNotFound: Command "8ball" is not found
[2025-03-30 22:48:18] [ERROR   ] discord.ext.commands.bot: Ignoring exception in command None
discord.ext.commands.errors.CommandNotFound: Command "8ball" is not found
[2025-03-30 22:53:23] [INFO    ] discord.client: logging in using static token
[2025-03-30 22:53:23] [INFO    ] discord.gateway: Shard ID None has connected to Gateway (Session ID: 048487d1ea7af6733340dbb88bd4e617).
[2025-03-30 23:01:24] [ERROR   ] discord.ext.commands.bot: Ignoring exception in command None
discord.ext.commands.errors.CommandNotFound: Command "ball" is not found
[2025-03-30 23:50:39] [INFO    ] discord.gateway: Shard ID None has successfully RESUMED session 048487d1ea7af6733340dbb88bd4e617.
[2025-03-30 23:59:28] [INFO    ] discord.client: logging in using static token
[2025-03-30 23:59:29] [INFO    ] discord.gateway: Shard ID None has connected to Gateway (Session ID: 340d845f902883edc53642137d746a98).
[2025-03-30 23:59:39] [INFO    ] discord.client: logging in using static token
[2025-03-30 23:59:40] [INFO    ] discord.gateway: Shard ID None has connected to Gateway (Session ID: f50872e7954ebf74cbad6ca7892deaf8).
[2025-03-31 01:29:58] [INFO    ] discord.gateway: Shard ID None has successfully RESUMED session f50872e7954ebf74cbad6ca7892deaf8.
[2025-03-31 03:49:22] [INFO    ] discord.gateway: Shard ID None has successfully RESUMED session f50872e7954ebf74cbad6ca7892deaf8.
[2025-03-31 04:59:47] [INFO    ] discord.gateway: Shard ID None has successfully RESUMED session f50872e7954ebf74cbad6ca7892deaf8.
[2025-03-31 08:14:14] [INFO    ] discord.gateway: Shard ID None has successfully RESUMED session f50872e7954ebf74cbad6ca7892deaf8.
[2025-03-31 11:42:19] [INFO    ] discord.gateway: Shard ID None has successfully RESUMED session f50872e7954ebf74cbad6ca7892deaf8.
[2025-03-31 12:26:13] [INFO    ] discord.gateway: Shard ID None has successfully RESUMED session f50872e7954ebf74cbad6ca7892deaf8.
[2025-03-31 13:02:18] [INFO    ] discord.gateway: Shard ID None has successfully RESUMED session f50872e7954ebf74cbad6ca7892deaf8.
[2025-03-31 13:24:34] [INFO    ] discord.gateway: Shard ID None has successfully RESUMED session f50872e7954ebf74cbad6ca7892deaf8.
[2025-03-31 15:43:46] [INFO    ] discord.gateway: Shard ID None has successfully RESUMED session f50872e7954ebf74cbad6ca7892deaf8.
[2025-03-31 16:37:55] [INFO    ] discord.gateway: Shard ID None has successfully RESUMED session f50872e7954ebf74cbad6ca7892deaf8.
[2025-03-31 16:39:18] [INFO    ] discord.gateway: Shard ID None has successfully RESUMED session f50872e7954ebf74cbad6ca7892deaf8.
[2025-03-31 18:26:48] [INFO    ] discord.gateway: Shard ID None has successfully RESUMED session f50872e7954ebf74cbad6ca7892deaf8.
[2025-03-31 20:23:02] [ERROR   ] discord.ext.commands.bot: Ignoring exception in command None
discord.ext.commands.errors.CommandNotFound: Command "leaderboard" is not found
[2025-03-31 21:54:25] [INFO    ] discord.gateway: Shard ID None has successfully RESUMED session f50872e7954ebf74cbad6ca7892deaf8.
[2025-03-31 23:19:12] [INFO    ] discord.gateway: Shard ID None has successfully RESUMED session f50872e7954ebf74cbad6ca7892deaf8.
[2025-04-01 00:05:03] [ERROR   ] discord.ext.commands.bot: Ignoring exception in command None
discord.ext.commands.errors.CommandNotFound: Command "towernewfloor" is not found
[2025-04-01 00:05:22] [ERROR   ] discord.ext.commands.bot: Ignoring exception in command None
discord.ext.commands.errors.CommandNotFound: Command "tower" is not found
[2025-04-01 00:07:18] [ERROR   ] discord.ext.commands.bot: Ignoring exception in command None
discord.ext.commands.errors.CommandNotFound: Command "playlist" is not found
[2025-04-01 00:36:44] [INFO    ] discord.gateway: Shard ID None has successfully RESUMED session f50872e7954ebf74cbad6ca7892deaf8.
[2025-04-01 02:41:40] [INFO    ] discord.gateway: Shard ID None has successfully RESUMED session f50872e7954ebf74cbad6ca7892deaf8.
[2025-04-01 05:54:33] [INFO    ] discord.gateway: Shard ID None has successfully RESUMED session f50872e7954ebf74cbad6ca7892deaf8.
[2025-04-01 09:23:00] [INFO    ] discord.gateway: Shard ID None has successfully RESUMED session f50872e7954ebf74cbad6ca7892deaf8.
